
================== ASTRAL-Pro ===================== 

This is ASTRAL-Pro (A-Pro) version 1.1.6
Using native AVX batch computing.
Gene trees are treated as unrooted
There are 8 threads used to run.
ti: 3
tx: 3
pw: 4
The number of input tree read is 927
14832 trees read from sorted_trees_927genes.tre
927 extra trees.
All output trees will be *arbitrarily* rooted at KVEN1

======== Running the main analysis
Number of taxa: 18 (18 species)
Taxa: [KVEN1, RSYL1, CBIC1, GQUA1, IREZ1, LERN1, OBRA1, OCAR1, ONUN, DRYU1, SPOL1, GIRA1, MIGR1, MTER1, MIPL1, MISC1, MNAN1, BKEW1]
Taxon occupancy: {SPOL1=14832, MNAN1=14832, DRYU1=14832, MIPL1=14832, GIRA1=14832, LERN1=14832, BKEW1=14832, KVEN1=14832, OCAR1=14832, GQUA1=14832, MIGR1=14832, RSYL1=14832, CBIC1=14832, OBRA1=14832, IREZ1=14832, MTER1=14832, MISC1=14832, ONUN=14832}
Using polytree-based weight calculation.
Number of gene trees: 14832
0 trees have missing taxa
Calculating distance matrix (for completion of X) ....with 4 distance matrices in parallel
Species tree distances calculated ...

Building set of clusters (X) from gene trees 
------------------------------
Number of Clusters after addition by distance: 273
Adding to X using resolutions of greedy consensus ...

Computing greedy consensus  took 0 seconds
Limit for sigma of degrees:500

polytomy size limit : > 4
 [3, 3, 4]
discarded polytomies: 
Threshold 0.0:
Threshold 0.01:
Threshold 0.02:
Threshold 0.05:
Threshold 0.1:
Threshold 0.2:
polytomy of size 3; rounds with additions with at least 5 support: 0; clusters: 273
Threshold 0.3333333333333333:
polytomy of size 4; rounds with additions with at least 5 support: 0; clusters: 273
polytomy of size 3; rounds with additions with at least 5 support: 0; clusters: 273
Number of Clusters after addition by greedy: 273
calculating extra bipartitions from extra input trees ...
Number of Clusters after additions from extra trees: 273
partitions formed in 3.645 secs
Dynamic Programming starting after 3.645 secs
Polytree max score: 2836620
Polytree building time: 0.214 seconds.
Number of quartet trees in the gene trees: 2836620
Computing hash values took 0 seconds
Size of largest cluster: 18
Total Number of elements: 465
Final optimization score: 0
Size of largest cluster: 18
466 0 0
Total Number of elements: 465
Normalized score (portion of input quartet trees satisfied before correcting for multiple individuals): 0.863213260852705
Final optimization score: 2448608
Optimal tree inferred in 4.967 secs.
Weight calculation cumulatively took 0.003371102 secs
(KVEN1,(RSYL1,(CBIC1,((BKEW1,(MNAN1,((MIGR1,MTER1),(MIPL1,MISC1)))),((GQUA1,((ONUN,(OBRA1,OCAR1)),(IREZ1,LERN1))),(GIRA1,(DRYU1,SPOL1)))))));
Final quartet score is: 2448608
Final normalized quartet score is: 0.863213260852705
(KVEN1,(RSYL1,(CBIC1,((BKEW1,(MNAN1,((MIGR1,MTER1)'[q1=0.36480967791647406;q2=0.31052550470026197;q3=0.32466481738326397;f1=338.17857142857144;f2=287.85714285714283;f3=300.9642857142857;pp1=0.9329249419308645;pp2=0.02560379285230657;pp3=0.0414712652167892;QC=28;EN=927.0]':0.047746797028349997,(MIPL1,MISC1)'[q1=0.3485513946678995;q2=0.31950223455077825;q3=0.3319463707813222;f1=323.10714285714283;f2=296.17857142857144;f3=307.7142857142857;pp1=0.6459046414103183;pp2=0.13183752484055908;pp3=0.22225783374894;QC=28;EN=927.0]':0.022515277962118732)'[q1=0.6092233009708737;q2=0.2052319309600863;q3=0.1855447680690399;f1=564.75;f2=190.25;f3=172.0;pp1=1.0;pp2=0.0;pp3=0.0;QC=52;EN=927.0]':0.532475322227644)'[q1=1.0;q2=0.0;q3=0.0;f1=927.0;f2=0.0;f3=0.0;pp1=1.0;pp2=0.0;pp3=0.0;QC=48;EN=927.0]':6.427566624678015)'[q1=0.7530864197530864;q2=0.12141915378161333;q3=0.12549442646530024;f1=698.1111111111111;f2=112.55555555555556;f3=116.33333333333333;pp1=1.0;pp2=0.0;pp3=0.0;QC=135;EN=927.0]':0.9899705242687123,((GQUA1,((ONUN,(OBRA1,OCAR1)'[q1=0.5792880258899676;q2=0.19525350593311758;q3=0.22545846817691478;f1=537.0;f2=181.0;f3=209.0;pp1=1.0;pp2=0.0;pp3=6.498303185719869E-53;QC=15;EN=927.0]':0.45885906469267035)'[q1=0.9978425026968716;q2=0.002157497303128371;q3=0.0;f1=925.0;f2=2.0;f3=0.0;pp1=1.0;pp2=0.0;pp3=0.0;QC=52;EN=927.0]':5.328954336009939,(IREZ1,LERN1)'[q1=0.9990042320139407;q2=9.957679860592482E-4;q3=0.0;f1=926.0769230769231;f2=0.9230769230769231;f3=0.0;pp1=1.0;pp2=0.0;pp3=0.0;QC=39;EN=927.0]':5.773640157271359)'[q1=0.5640956490471053;q2=0.1780834232290543;q3=0.25782092772384035;f1=522.9166666666666;f2=165.08333333333334;f3=239.0;pp1=1.0;pp2=0.0;pp3=9.20221611696602E-47;QC=72;EN=927.0]':0.4234738174205808)'[q1=0.9995205561548604;q2=4.79443845139638E-4;q3=0.0;f1=926.5555555555555;f2=0.4444444444444444;f3=0.0;pp1=1.0;pp2=0.0;pp3=0.0;QC=135;EN=927.0]':6.0598418445527376,(GIRA1,(DRYU1,SPOL1)'[q1=0.9411003236245954;q2=0.03171521035598705;q3=0.027184466019417475;f1=872.4;f2=29.4;f3=25.2;pp1=1.0;pp2=0.0;pp3=0.0;QC=15;EN=927.0]':2.4093834234214984)'[q1=0.7164089655999041;q2=0.13466379000359582;q3=0.14892724439650004;f1=664.1111111111111;f2=124.83333333333333;f3=138.05555555555554;pp1=1.0;pp2=0.0;pp3=0.0;QC=108;EN=927.0]':0.8520384855455138)'[q1=0.3572455951096728;q2=0.3426225578329138;q3=0.3001318470574134;f1=331.1666666666667;f2=317.6111111111111;f3=278.22222222222223;pp1=0.7490537017010922;pp2=0.21216547040060263;pp3=0.03878082789820263;QC=324;EN=927.0]':0.03592872390765852)'[q1=0.975808062647329;q2=0.011706420552159494;q3=0.012485516800511407;f1=904.574074074074;f2=10.851851851851851;f3=11.574074074074074;pp1=1.0;pp2=0.0;pp3=0.0;QC=108;EN=927.0]':3.2737232700806866)'[q1=0.9295936713412442;q2=0.04897518878101402;q3=0.02143113987774182;f1=861.7333333333333;f2=45.4;f3=19.866666666666667;pp1=1.0;pp2=0.0;pp3=0.0;QC=15;EN=927.0]':2.2338796191236727));
ASTRAL-Pro finished in 5.627 secs
