
================== ASTRAL-Pro ===================== 

This is ASTRAL-Pro (A-Pro) version 1.1.6
Using native AVX batch computing.
Gene trees are treated as unrooted
There are 8 threads used to run.
ti: 3
tx: 3
pw: 4
The number of input tree read is 1855
29680 trees read from sorted_trees_1855genes.tre
1855 extra trees.
All output trees will be *arbitrarily* rooted at KVEN1

======== Running the main analysis
Number of taxa: 18 (18 species)
Taxa: [KVEN1, RSYL1, CBIC1, GQUA1, IREZ1, LERN1, OBRA1, OCAR1, ONUN, DRYU1, SPOL1, GIRA1, MIGR1, MTER1, MIPL1, MISC1, MNAN1, BKEW1]
Taxon occupancy: {SPOL1=29680, MNAN1=29680, DRYU1=29680, MIPL1=29680, GIRA1=29680, LERN1=29680, BKEW1=29680, KVEN1=29680, OCAR1=29680, GQUA1=29680, MIGR1=29680, RSYL1=29680, CBIC1=29680, OBRA1=29680, IREZ1=29680, MTER1=29680, MISC1=29680, ONUN=29680}
Using polytree-based weight calculation.
Number of gene trees: 29680
0 trees have missing taxa
Calculating distance matrix (for completion of X) ....with 4 distance matrices in parallel
Species tree distances calculated ...

Building set of clusters (X) from gene trees 
------------------------------
Number of Clusters after addition by distance: 701
Adding to X using resolutions of greedy consensus ...

Computing greedy consensus  took 0 seconds
Limit for sigma of degrees:500

polytomy size limit : > 4
 [3, 4, 4]
discarded polytomies: 
Threshold 0.0:
Threshold 0.01:
Threshold 0.02:
Threshold 0.05:
Threshold 0.1:
Threshold 0.2:
polytomy of size 4; rounds with additions with at least 5 support: 0; clusters: 701
Threshold 0.3333333333333333:
polytomy of size 4; rounds with additions with at least 5 support: 0; clusters: 701
polytomy of size 3; rounds with additions with at least 5 support: 0; clusters: 701
Number of Clusters after addition by greedy: 701
calculating extra bipartitions from extra input trees ...
Number of Clusters after additions from extra trees: 701
partitions formed in 6.48 secs
Dynamic Programming starting after 6.48 secs
Polytree max score: 5676300
Polytree building time: 0.395 seconds.
Number of quartet trees in the gene trees: 5676300
Computing hash values took 0 seconds
Size of largest cluster: 18
Total Number of elements: 2152
Final optimization score: 0
Size of largest cluster: 18
2153 0 0
Total Number of elements: 2152
Normalized score (portion of input quartet trees satisfied before correcting for multiple individuals): 0.8329018903158748
Final optimization score: 4727801
Optimal tree inferred in 8.051 secs.
Weight calculation cumulatively took 0.011007868 secs
(KVEN1,(RSYL1,(CBIC1,((BKEW1,(MNAN1,(MISC1,(MTER1,(MIGR1,MIPL1))))),((GQUA1,((IREZ1,LERN1),(ONUN,(OBRA1,OCAR1)))),(GIRA1,(DRYU1,SPOL1)))))));
Final quartet score is: 4727801
Final normalized quartet score is: 0.8329018903158748
(KVEN1,(RSYL1,(CBIC1,((BKEW1,(MNAN1,(MISC1,(MTER1,(MIGR1,MIPL1)'[q1=0.34522911051212934;q2=0.32625336927223725;q3=0.3285175202156334;f1=640.4;f2=605.2;f3=609.4;pp1=0.6947347384394482;pp2=0.14267819517013736;pp3=0.16258706639030326;QC=15;EN=1855.0]':0.01772074419534349)'[q1=0.34611089718906435;q2=0.32308432807085097;q3=0.3308047747400847;f1=642.0357142857143;f2=599.3214285714286;f3=613.6428571428571;pp1=0.7152499406999309;pp2=0.11154093633745983;pp3=0.17320912296273935;QC=28;EN=1855.0]':0.019067252738025835)'[q1=0.49252885479300573;q2=0.25041122399612964;q3=0.25705992121086463;f1=913.6410256410256;f2=464.5128205128205;f3=476.84615384615387;pp1=1.0;pp2=2.1171179355903814E-45;pp3=2.306042487914131E-45;QC=39;EN=1855.0]':0.2723275264387483)'[q1=0.9921495956873315;q2=0.003537735849056604;q3=0.00431266846361186;f1=1840.4375;f2=6.5625;f3=8.0;pp1=1.0;pp2=0.0;pp3=0.0;QC=48;EN=1855.0]':4.375849631013053)'[q1=0.6208245981830887;q2=0.18540880503144655;q3=0.1937665967854647;f1=1151.6296296296296;f2=343.93333333333334;f3=359.43703703703704;pp1=1.0;pp2=0.0;pp3=0.0;QC=135;EN=1855.0]':0.563409493142921,((GQUA1,((IREZ1,LERN1)'[q1=0.9846430299260488;q2=0.00785126822862672;q3=0.007505701845324487;f1=1826.5128205128206;f2=14.564102564102564;f3=13.923076923076923;pp1=1.0;pp2=0.0;pp3=0.0;QC=39;EN=1855.0]':3.736758230010333,(ONUN,(OBRA1,OCAR1)'[q1=0.478670260557053;q2=0.2424438454627134;q3=0.2788858939802336;f1=887.9333333333333;f2=449.73333333333335;f3=517.3333333333334;pp1=1.0;pp2=0.0;pp3=3.961838122226621E-38;QC=15;EN=1855.0]':0.24541284980945394)'[q1=0.9391353929089779;q2=0.038399336512544055;q3=0.022465270578478126;f1=1742.0961538461538;f2=71.23076923076923;f3=41.67307692307692;pp1=1.0;pp2=0.0;pp3=0.0;QC=52;EN=1855.0]':2.385359167542444)'[q1=0.44339622641509435;q2=0.3116501946690626;q3=0.24495357891584307;f1=822.5;f2=578.1111111111111;f3=454.3888888888889;pp1=1.0;pp2=1.5816746771867129E-22;pp3=0.0;QC=72;EN=1855.0]':0.18000742611615847)'[q1=0.9961505440750724;q2=0.0018129180393331337;q3=0.0020365378855944894;f1=1847.8592592592593;f2=3.362962962962963;f3=3.7777777777777777;pp1=1.0;pp2=0.0;pp3=0.0;QC=135;EN=1855.0]':5.0238326292728,(GIRA1,(DRYU1,SPOL1)'[q1=0.9141060197663972;q2=0.04082659478885894;q3=0.04506738544474393;f1=1695.6666666666667;f2=75.73333333333333;f3=83.6;pp1=1.0;pp2=0.0;pp3=0.0;QC=15;EN=1855.0]':2.043458823800331)'[q1=0.6498552460816612;q2=0.16874313666766497;q3=0.18140161725067386;f1=1205.4814814814815;f2=313.01851851851853;f3=336.5;pp1=1.0;pp2=0.0;pp3=0.0;QC=108;EN=1855.0]':0.6429440395607026)'[q1=0.3461515423779575;q2=0.3386642707397424;q3=0.31518418688230004;f1=642.1111111111111;f2=628.2222222222222;f3=584.6666666666666;pp1=0.643387677759673;pp2=0.2857375484923567;pp3=0.07087477374817897;QC=324;EN=1855.0]':0.019129362610409924)'[q1=0.9060197663971249;q2=0.04806329240291504;q3=0.045916941199960065;f1=1680.6666666666667;f2=89.1574074074074;f3=85.17592592592592;pp1=1.0;pp2=0.0;pp3=0.0;QC=108;EN=1855.0]':1.9540248811683816)'[q1=0.8114285714285715;q2=0.1207906558849955;q3=0.06778077268643307;f1=1505.2;f2=224.06666666666666;f3=125.73333333333333;pp1=1.0;pp2=0.0;pp3=0.0;QC=15;EN=1855.0]':1.2604975447399536));
ASTRAL-Pro finished in 9.32 secs
