IQ-TREE multicore version 2.2.2.2 COVID-edition for Linux 64-bit built Nov 16 2022
Developed by Bui Quang Minh, James Barbetti, Nguyen Lam Tung,
Olga Chernomor, Heiko Schmidt, Dominik Schrempf, Michael Woodhams, Ly Trong Nhan.

Host:    c202-11 (AVX512, FMA3, 251 GB RAM)
Command: /mnt/netapp2/Store_csbye/PLATY_LISY/softs/IQTREE/iqtree-2.2.2.2-Linux/bin/iqtree2 -s concatenated_SC_nucleotide.fasta -t GUIDE_TREE/concatenated_SC_nucleotide_rooted.guide_tree -m MIX{JC+FO,HKY+FO,GTR+FO}+G4 -B 10000 -alrt 10000 -T 24
Seed:    672787 (Using SPRNG - Scalable Parallel Random Number Generator)
Time:    Mon Jan  1 14:56:59 2024
Kernel:  AVX+FMA - 24 threads (24 CPU cores detected)

Reading alignment file concatenated_SC_nucleotide.fasta ... Fasta format detected
Reading fasta file: done in 0.609558 secs using 76.31% CPU
Alignment most likely contains DNA/RNA sequences
Constructing alignment: done in 2.5702 secs using 43.42% CPU
Alignment has 18 sequences with 2285442 columns, 840454 distinct patterns
1174781 parsimony-informative, 258556 singleton sites, 852105 constant sites
       Gap/Ambiguity  Composition  p-value
Analyzing sequences: done in 0.0120404 secs using 2008% CPU
   1  BKEW1    3.00%    failed      0.00%
   2  CBIC1    1.05%    failed      0.00%
   3  DRYU1    2.28%    failed      0.00%
   4  GIRA1    2.15%    failed      0.00%
   5  GQUA1    1.68%    failed      0.00%
   6  IREZ1    1.61%    failed      0.00%
   7  KVEN1    1.37%    failed      1.45%
   8  LERN1    1.92%    failed      0.00%
   9  MIGR1    5.50%    failed      0.00%
  10  MIPL1    1.79%    failed      0.00%
  11  MISC1   11.39%    failed      0.00%
  12  MNAN1    1.84%    failed      0.00%
  13  MTER1    2.51%    failed      0.00%
  14  OBRA1    2.07%    failed      0.00%
  15  OCAR1    1.87%    failed      0.00%
  16  ONUN     2.04%    failed      0.00%
  17  RSYL1    1.86%    failed      0.00%
  18  SPOL1    8.09%    failed      0.00%
****  TOTAL    3.00%  18 sequences failed composition chi2 test (p-value<5%; df=3)
NOTE: minimal branch length is reduced to 0.000000043755 for long alignment
Checking for duplicate sequences: done in 0.13139 secs using 190.6% CPU
Reading input tree file GUIDE_TREE/concatenated_SC_nucleotide_rooted.guide_tree ... rooted tree
Generating 10000 samples for ultrafast bootstrap (seed: 672787)...

NOTE: 37947 MB RAM (37 GB) is required!
Estimate model parameters (epsilon = 0.100)
1. Initial log-likelihood: -23391014.431
2. Current log-likelihood: -22367923.544
3. Current log-likelihood: -22300523.299
4. Current log-likelihood: -22297214.463
5. Current log-likelihood: -22296394.578
6. Current log-likelihood: -22296313.503
7. Current log-likelihood: -22296306.541
8. Current log-likelihood: -22296305.956
Optimal log-likelihood: -22296305.875
Rate parameters:  A-C: 1.00000  A-G: 1.00000  A-T: 1.00000  C-G: 1.00000  C-T: 1.00000  G-T: 1.00000
Base frequencies:  A: 0.250  C: 0.250  G: 0.250  T: 0.250
Rate parameters:  A-C: 1.00000  A-G: 4.86835  A-T: 1.00000  C-G: 1.00000  C-T: 4.86835  G-T: 1.00000
Base frequencies:  A: 0.460  C: 0.124  G: 0.169  T: 0.247
Rate parameters:  A-C: 49.03882  A-G: 1.20188  A-T: 0.00010  C-G: 1.21599  C-T: 100.00000  G-T: 1.00000
Warning! Some parameters hit the boundaries
Base frequencies:  A: 0.087  C: 0.238  G: 0.208  T: 0.468
Mixture weights: 0.215 0.566 0.218
Gamma shape alpha: 0.488
Parameters optimization took 8 rounds (427.191 sec)
Wrote distance file to... 

Do NNI search on 1 best initial trees
Optimizing NNI: done in 18.4222 secs using 2337% CPU
Finish initializing candidate tree set (1)
Current best tree score: -22296305.875 / CPU time: 18.809
Number of iterations: 1
--------------------------------------------------------------------
|               OPTIMIZING CANDIDATE TREE SET                      |
--------------------------------------------------------------------
Optimizing NNI: done in 34.3494 secs using 2356% CPU
Optimizing NNI: done in 37 secs using 2356% CPU
Optimizing NNI: done in 17.3089 secs using 2358% CPU
Optimizing NNI: done in 27.2378 secs using 2363% CPU
Optimizing NNI: done in 34.1195 secs using 2364% CPU
Optimizing NNI: done in 10.4784 secs using 2359% CPU
Optimizing NNI: done in 22.2691 secs using 2359% CPU
Optimizing NNI: done in 21.3868 secs using 2358% CPU
Optimizing NNI: done in 36.193 secs using 2357% CPU
Iteration 10 / LogL: -22297761.698 / Time: 0h:19m:28s
Optimizing NNI: done in 12.5896 secs using 2367% CPU
Optimizing NNI: done in 37.0847 secs using 2354% CPU
Optimizing NNI: done in 29.7578 secs using 2350% CPU
Optimizing NNI: done in 25.1255 secs using 2359% CPU
Optimizing NNI: done in 25.6169 secs using 2357% CPU
Optimizing NNI: done in 32.3404 secs using 2355% CPU
Optimizing NNI: done in 18.0278 secs using 2355% CPU
Optimizing NNI: done in 29.182 secs using 2357% CPU
Optimizing NNI: done in 19.765 secs using 2358% CPU
Optimizing NNI: done in 19.1701 secs using 2346% CPU
Iteration 20 / LogL: -22296327.686 / Time: 0h:23m:39s
Optimizing NNI: done in 22.6337 secs using 2353% CPU
Optimizing NNI: done in 28.7902 secs using 2358% CPU
Optimizing NNI: done in 17.1236 secs using 2363% CPU
Optimizing NNI: done in 23.8583 secs using 2362% CPU
Optimizing NNI: done in 23.9178 secs using 2351% CPU
Optimizing NNI: done in 36.8103 secs using 2363% CPU
Optimizing NNI: done in 20.6616 secs using 2352% CPU
Optimizing NNI: done in 12.923 secs using 2365% CPU
Optimizing NNI: done in 36.8795 secs using 2357% CPU
Optimizing NNI: done in 15.6629 secs using 2362% CPU
Iteration 30 / LogL: -22296847.763 / Time: 0h:27m:40s (1h:6m:47s left)
Optimizing NNI: done in 29.2285 secs using 2361% CPU
Optimizing NNI: done in 21.6948 secs using 2360% CPU
Optimizing NNI: done in 28.5633 secs using 2351% CPU
Optimizing NNI: done in 27.5424 secs using 2351% CPU
Optimizing NNI: done in 30.1971 secs using 2359% CPU
Optimizing NNI: done in 23.0231 secs using 2358% CPU
Optimizing NNI: done in 18.8051 secs using 2364% CPU
Optimizing NNI: done in 19.8495 secs using 2357% CPU
Optimizing NNI: done in 43.6663 secs using 2354% CPU
Optimizing NNI: done in 18.7375 secs using 2357% CPU
Iteration 40 / LogL: -22296407.645 / Time: 0h:32m:4s (0h:49m:20s left)
Optimizing NNI: done in 24.9468 secs using 2350% CPU
Optimizing NNI: done in 25.1703 secs using 2360% CPU
Optimizing NNI: done in 39.4343 secs using 2360% CPU
Optimizing NNI: done in 16.0305 secs using 2362% CPU
Optimizing NNI: done in 30.321 secs using 2360% CPU
Optimizing NNI: done in 17.6242 secs using 2357% CPU
Optimizing NNI: done in 30.384 secs using 2362% CPU
Optimizing NNI: done in 27.0751 secs using 2359% CPU
Optimizing NNI: done in 29.9487 secs using 2355% CPU
Optimizing NNI: done in 31.7766 secs using 2360% CPU
Iteration 50 / LogL: -22296418.833 / Time: 0h:36m:39s (0h:37m:24s left)
Log-likelihood cutoff on original alignment: -22296362.633
Optimizing NNI: done in 20.2124 secs using 2355% CPU
Optimizing NNI: done in 36.5094 secs using 2360% CPU
Optimizing NNI: done in 26.8093 secs using 2353% CPU
Optimizing NNI: done in 18.4858 secs using 2363% CPU
Optimizing NNI: done in 23.1119 secs using 2359% CPU
Optimizing NNI: done in 13.2034 secs using 2360% CPU
Optimizing NNI: done in 17.379 secs using 2360% CPU
Optimizing NNI: done in 32.6156 secs using 2362% CPU
Optimizing NNI: done in 17.113 secs using 2358% CPU
Optimizing NNI: done in 28.4 secs using 2363% CPU
Iteration 60 / LogL: -22296888.066 / Time: 0h:40m:35s (0h:27m:31s left)
Optimizing NNI: done in 23.6415 secs using 2358% CPU
Optimizing NNI: done in 24.5216 secs using 2361% CPU
Optimizing NNI: done in 43.201 secs using 2360% CPU
Optimizing NNI: done in 22.8897 secs using 2358% CPU
Optimizing NNI: done in 27.387 secs using 2356% CPU
Optimizing NNI: done in 22.828 secs using 2359% CPU
Optimizing NNI: done in 21.8903 secs using 2364% CPU
Optimizing NNI: done in 18.5581 secs using 2358% CPU
Optimizing NNI: done in 16.088 secs using 2360% CPU
Optimizing NNI: done in 20.702 secs using 2361% CPU
Iteration 70 / LogL: -22296772.500 / Time: 0h:44m:40s (0h:19m:25s left)
Optimizing NNI: done in 18.6641 secs using 2352% CPU
Optimizing NNI: done in 18.0465 secs using 2350% CPU
Optimizing NNI: done in 16.2479 secs using 2361% CPU
Optimizing NNI: done in 26.2158 secs using 2354% CPU
Optimizing NNI: done in 27.6577 secs using 2356% CPU
Optimizing NNI: done in 19.0216 secs using 2352% CPU
Optimizing NNI: done in 31.9653 secs using 2363% CPU
Optimizing NNI: done in 17.6678 secs using 2357% CPU
Optimizing NNI: done in 37.0651 secs using 2359% CPU
Optimizing NNI: done in 21.2983 secs using 2357% CPU
Iteration 80 / LogL: -22296329.306 / Time: 0h:48m:37s (0h:12m:18s left)
Optimizing NNI: done in 19.7603 secs using 2353% CPU
Optimizing NNI: done in 26.0648 secs using 2358% CPU
Optimizing NNI: done in 17.3802 secs using 2354% CPU
Optimizing NNI: done in 20.9953 secs using 2360% CPU
Optimizing NNI: done in 16.5772 secs using 2357% CPU
Optimizing NNI: done in 26.0713 secs using 2360% CPU
Optimizing NNI: done in 24.5683 secs using 2359% CPU
Optimizing NNI: done in 25.1152 secs using 2353% CPU
Optimizing NNI: done in 17.1725 secs using 2365% CPU
Optimizing NNI: done in 22.8026 secs using 2368% CPU
Iteration 90 / LogL: -22297165.591 / Time: 0h:52m:16s (0h:5m:52s left)
Optimizing NNI: done in 29.1984 secs using 2360% CPU
Optimizing NNI: done in 31.4351 secs using 2352% CPU
Optimizing NNI: done in 38.0547 secs using 2354% CPU
Optimizing NNI: done in 13.0917 secs using 2357% CPU
Optimizing NNI: done in 21.1228 secs using 2362% CPU
Optimizing NNI: done in 25.0096 secs using 2359% CPU
Optimizing NNI: done in 24.9659 secs using 2352% CPU
Optimizing NNI: done in 23.8238 secs using 2360% CPU
Optimizing NNI: done in 20.4296 secs using 2363% CPU
Optimizing NNI: done in 33.8908 secs using 2356% CPU
Iteration 100 / LogL: -22296327.795 / Time: 0h:56m:39s (0h:0m:0s left)
Log-likelihood cutoff on original alignment: -22296362.962
NOTE: Bootstrap correlation coefficient of split occurrence frequencies: 1.000
Optimizing NNI: done in 26.3315 secs using 2358% CPU
TREE SEARCH COMPLETED AFTER 101 ITERATIONS / Time: 0h:57m:6s

--------------------------------------------------------------------
|                    FINALIZING TREE SEARCH                        |
--------------------------------------------------------------------
Performs final model parameters optimization
Estimate model parameters (epsilon = 0.010)
1. Initial log-likelihood: -22296305.875
Optimal log-likelihood: -22296305.870
Rate parameters:  A-C: 1.00000  A-G: 1.00000  A-T: 1.00000  C-G: 1.00000  C-T: 1.00000  G-T: 1.00000
Base frequencies:  A: 0.250  C: 0.250  G: 0.250  T: 0.250
Rate parameters:  A-C: 1.00000  A-G: 4.86834  A-T: 1.00000  C-G: 1.00000  C-T: 4.86834  G-T: 1.00000
Base frequencies:  A: 0.460  C: 0.124  G: 0.169  T: 0.247
Rate parameters:  A-C: 49.03882  A-G: 1.20187  A-T: 0.00010  C-G: 1.21600  C-T: 100.00000  G-T: 1.00000
Warning! Some parameters hit the boundaries
Base frequencies:  A: 0.087  C: 0.238  G: 0.208  T: 0.468
Mixture weights: 0.215 0.566 0.218
Gamma shape alpha: 0.488
Parameters optimization took 1 rounds (8.752 sec)
BEST SCORE FOUND : -22296305.870

Testing tree branches by SH-like aLRT with 10000 replicates...
558.995 sec.
Creating bootstrap support values...
Split supports printed to NEXUS file concatenated_SC_nucleotide.fasta.splits.nex
Total tree length: 4.192

Total number of iterations: 101
CPU time used for tree search: 59280.684 sec (16h:28m:0s)
Wall-clock time used for tree search: 2519.504 sec (0h:41m:59s)
Total CPU time used: 82566.890 sec (22h:56m:6s)
Total wall-clock time used: 3994.539 sec (1h:6m:34s)

Computing bootstrap consensus tree...
Reading input file concatenated_SC_nucleotide.fasta.splits.nex...
18 taxa and 36 splits.
Consensus tree written to concatenated_SC_nucleotide.fasta.contree
Reading input trees file concatenated_SC_nucleotide.fasta.contree
Log-likelihood of consensus tree: -22296305.870

Analysis results written to: 
  IQ-TREE report:                concatenated_SC_nucleotide.fasta.iqtree
  Maximum-likelihood tree:       concatenated_SC_nucleotide.fasta.treefile

Ultrafast bootstrap approximation results written to:
  Split support values:          concatenated_SC_nucleotide.fasta.splits.nex
  Consensus tree:                concatenated_SC_nucleotide.fasta.contree
  Screen log file:               concatenated_SC_nucleotide.fasta.log

Date and Time: Mon Jan  1 16:03:52 2024
