
================== ASTRAL-Pro ===================== 

This is ASTRAL-Pro (A-Pro) version 1.1.6
Using native AVX batch computing.
Gene trees are treated as unrooted
There are 8 threads used to run.
ti: 3
tx: 3
pw: 4
The number of input tree read is 927
14832 trees read from sorted_trees_927genes.tre
927 extra trees.
All output trees will be *arbitrarily* rooted at KVEN1

======== Running the main analysis
Number of taxa: 18 (18 species)
Taxa: [KVEN1, RSYL1, CBIC1, DRYU1, SPOL1, GIRA1, GQUA1, IREZ1, LERN1, OBRA1, OCAR1, ONUN, MIGR1, MIPL1, MISC1, MTER1, MNAN1, BKEW1]
Taxon occupancy: {SPOL1=14832, MNAN1=14832, DRYU1=14832, MIPL1=14832, GIRA1=14832, LERN1=14832, BKEW1=14832, KVEN1=14832, OCAR1=14832, GQUA1=14832, MIGR1=14832, RSYL1=14832, CBIC1=14832, OBRA1=14832, IREZ1=14832, MTER1=14832, MISC1=14832, ONUN=14832}
Using polytree-based weight calculation.
Number of gene trees: 14832
0 trees have missing taxa
Calculating distance matrix (for completion of X) ....with 4 distance matrices in parallel
Species tree distances calculated ...

Building set of clusters (X) from gene trees 
------------------------------
Number of Clusters after addition by distance: 275
Adding to X using resolutions of greedy consensus ...

Computing greedy consensus  took 0 seconds
Limit for sigma of degrees:500

polytomy size limit : > 4
 [4]
discarded polytomies: 
Threshold 0.0:
Threshold 0.01:
Threshold 0.02:
Threshold 0.05:
Threshold 0.1:
Threshold 0.2:
Threshold 0.3333333333333333:
polytomy of size 4; rounds with additions with at least 5 support: 0; clusters: 275
Number of Clusters after addition by greedy: 275
calculating extra bipartitions from extra input trees ...
Number of Clusters after additions from extra trees: 275
partitions formed in 3.807 secs
Dynamic Programming starting after 3.807 secs
Polytree max score: 2836620
Polytree building time: 0.229 seconds.
Number of quartet trees in the gene trees: 2836620
Computing hash values took 0 seconds
Size of largest cluster: 18
Total Number of elements: 461
Final optimization score: 0
Size of largest cluster: 18
462 0 192
Total Number of elements: 461
Normalized score (portion of input quartet trees satisfied before correcting for multiple individuals): 0.8751031156799289
Final optimization score: 2482335
Optimal tree inferred in 5.153 secs.
Weight calculation cumulatively took 0.001829903 secs
(KVEN1,(RSYL1,(CBIC1,((GQUA1,((ONUN,(OBRA1,OCAR1)),(IREZ1,LERN1))),((BKEW1,(MNAN1,((MIPL1,MISC1),(MIGR1,MTER1)))),(GIRA1,(DRYU1,SPOL1)))))));
Final quartet score is: 2482335
Final normalized quartet score is: 0.8751031156799289
(KVEN1,(RSYL1,(CBIC1,((GQUA1,((ONUN,(OBRA1,OCAR1)'[q1=0.6409205321826681;q2=0.18202085580726357;q3=0.1770586120100683;f1=594.1333333333333;f2=168.73333333333332;f3=164.13333333333333;pp1=1.0;pp2=0.0;pp3=0.0;QC=15;EN=927.0]':0.6168249130003117)'[q1=0.998672309351921;q2=8.298066550493736E-4;q3=4.978839930296241E-4;f1=925.7692307692307;f2=0.7692307692307693;f3=0.46153846153846156;pp1=1.0;pp2=0.0;pp3=0.0;QC=52;EN=927.0]':5.625220152153056,(IREZ1,LERN1)'[q1=0.9990042320139407;q2=9.957679860592482E-4;q3=0.0;f1=926.0769230769231;f2=0.9230769230769231;f3=0.0;pp1=1.0;pp2=0.0;pp3=0.0;QC=39;EN=927.0]':5.773640157271359)'[q1=0.5318230852211435;q2=0.2319309600862999;q3=0.23624595469255663;f1=493.0;f2=215.0;f3=219.0;pp1=1.0;pp2=2.2215741189826466E-35;pp3=2.3162027749824447E-35;QC=72;EN=927.0]':0.3522205935893521)'[q1=1.0;q2=0.0;q3=0.0;f1=927.0;f2=0.0;f3=0.0;pp1=1.0;pp2=0.0;pp3=0.0;QC=135;EN=927.0]':6.427566624678015,((BKEW1,(MNAN1,((MIPL1,MISC1)'[q1=0.373863461242102;q2=0.31776853136076433;q3=0.3083680073971336;f1=346.57142857142856;f2=294.57142857142856;f3=285.85714285714283;pp1=0.984598024404056;pp2=0.00879794213311189;pp3=0.00660403346282422;QC=28;EN=927.0]':0.06207849529670877,(MIGR1,MTER1)'[q1=0.36989520727384806;q2=0.28887347819386655;q3=0.3412313145322854;f1=342.89285714285717;f2=267.7857142857143;f3=316.32142857142856;pp1=0.944278174453251;pp2=0.007620771089345616;pp3=0.048101054457382615;QC=28;EN=927.0]':0.055771644032976804)'[q1=0.610032362459547;q2=0.18500539374325783;q3=0.20496224379719524;f1=565.5;f2=171.5;f3=190.0;pp1=1.0;pp2=0.0;pp3=0.0;QC=52;EN=927.0]':0.5345421503833068)'[q1=1.0;q2=0.0;q3=0.0;f1=927.0;f2=0.0;f3=0.0;pp1=1.0;pp2=0.0;pp3=0.0;QC=48;EN=927.0]':6.427566624678015)'[q1=0.8152543050061929;q2=0.09197331095928722;q3=0.09277238403451996;f1=755.7407407407408;f2=85.25925925925925;f3=86.0;pp1=1.0;pp2=0.0;pp3=0.0;QC=135;EN=927.0]':1.2785659614582683,(GIRA1,(DRYU1,SPOL1)'[q1=0.968140956490471;q2=0.008845738942826321;q3=0.023013304566702624;f1=897.4666666666667;f2=8.2;f3=21.333333333333332;pp1=1.0;pp2=0.0;pp3=0.0;QC=15;EN=927.0]':3.0087476416660612)'[q1=0.7427284350153821;q2=0.13466379000359582;q3=0.12260777498102202;f1=688.5092592592592;f2=124.83333333333333;f3=113.6574074074074;pp1=1.0;pp2=0.0;pp3=0.0;QC=108;EN=927.0]':0.9490518693646405)'[q1=0.4081665268288785;q2=0.31109912501498266;q3=0.2807343481561389;f1=378.3703703703704;f2=288.3888888888889;f3=260.24074074074076;pp1=0.9999961973944879;pp2=2.511528345436813E-6;pp3=1.291077166843662E-6;QC=324;EN=927.0]':0.11832197396099395)'[q1=0.9575092892244995;q2=0.008629989212513484;q3=0.03386072156298694;f1=887.6111111111111;f2=8.0;f3=31.38888888888889;pp1=1.0;pp2=0.0;pp3=0.0;QC=108;EN=927.0]':2.729011905040681)'[q1=0.9077310320028767;q2=0.0460985257101762;q3=0.04617044228694714;f1=841.4666666666667;f2=42.733333333333334;f3=42.8;pp1=1.0;pp2=0.0;pp3=0.0;QC=15;EN=927.0]':1.9670369285162115));
ASTRAL-Pro finished in 5.843 secs
