
================== ASTRAL-Pro ===================== 

This is ASTRAL-Pro (A-Pro) version 1.1.6
Using native AVX batch computing.
Gene trees are treated as unrooted
There are 8 threads used to run.
ti: 3
tx: 3
pw: 4
The number of input tree read is 1265
20240 trees read from sorted_trees_1265genes.tre
1265 extra trees.
All output trees will be *arbitrarily* rooted at KVEN1

======== Running the main analysis
Number of taxa: 18 (18 species)
Taxa: [KVEN1, RSYL1, CBIC1, DRYU1, SPOL1, GIRA1, GQUA1, IREZ1, LERN1, OBRA1, OCAR1, ONUN, MIGR1, MIPL1, MISC1, MTER1, MNAN1, BKEW1]
Taxon occupancy: {SPOL1=20240, MNAN1=20240, DRYU1=20240, MIPL1=20240, GIRA1=20240, LERN1=20240, BKEW1=20240, KVEN1=20240, OCAR1=20240, GQUA1=20240, MIGR1=20240, RSYL1=20240, CBIC1=20240, OBRA1=20240, IREZ1=20240, MTER1=20240, MISC1=20240, ONUN=20240}
Using polytree-based weight calculation.
Number of gene trees: 20240
0 trees have missing taxa
Calculating distance matrix (for completion of X) ....with 4 distance matrices in parallel
Species tree distances calculated ...

Building set of clusters (X) from gene trees 
------------------------------
Number of Clusters after addition by distance: 325
Adding to X using resolutions of greedy consensus ...

Computing greedy consensus  took 0 seconds
Limit for sigma of degrees:500

polytomy size limit : > 4
 [3, 4, 4]
discarded polytomies: 
Threshold 0.0:
Threshold 0.01:
Threshold 0.02:
Threshold 0.05:
Threshold 0.1:
Threshold 0.2:
polytomy of size 4; rounds with additions with at least 5 support: 0; clusters: 325
Threshold 0.3333333333333333:
polytomy of size 4; rounds with additions with at least 5 support: 0; clusters: 325
polytomy of size 3; rounds with additions with at least 5 support: 0; clusters: 325
Number of Clusters after addition by greedy: 325
calculating extra bipartitions from extra input trees ...
Number of Clusters after additions from extra trees: 325
partitions formed in 4.395 secs
Dynamic Programming starting after 4.395 secs
Polytree max score: 3870900
Polytree building time: 0.308 seconds.
Number of quartet trees in the gene trees: 3870900
Computing hash values took 0 seconds
Size of largest cluster: 18
Total Number of elements: 671
Final optimization score: 0
Size of largest cluster: 18
672 0 64
Total Number of elements: 671
Normalized score (portion of input quartet trees satisfied before correcting for multiple individuals): 0.8658510940608127
Final optimization score: 3351623
Optimal tree inferred in 5.836 secs.
Weight calculation cumulatively took 0.003716465 secs
(KVEN1,(RSYL1,(CBIC1,((GQUA1,((ONUN,(OBRA1,OCAR1)),(IREZ1,LERN1))),((BKEW1,(MNAN1,((MIPL1,MISC1),(MIGR1,MTER1)))),(GIRA1,(DRYU1,SPOL1)))))));
Final quartet score is: 3351623
Final normalized quartet score is: 0.8658510940608127
(KVEN1,(RSYL1,(CBIC1,((GQUA1,((ONUN,(OBRA1,OCAR1)'[q1=0.5938339920948617;q2=0.19030303030303028;q3=0.21586297760210804;f1=751.2;f2=240.73333333333332;f3=273.06666666666666;pp1=1.0;pp2=0.0;pp3=0.0;QC=15;EN=1265.0]':0.49437401887398547)'[q1=0.9975068409851018;q2=0.0021283064761325634;q3=3.6485253876558226E-4;f1=1261.8461538461538;f2=2.6923076923076925;f3=0.46153846153846156;pp1=1.0;pp2=0.0;pp3=0.0;QC=52;EN=1265.0]':5.314117805493204,(IREZ1,LERN1)'[q1=0.9978108847674065;q2=0.001459410155062329;q3=7.297050775311645E-4;f1=1262.2307692307693;f2=1.8461538461538463;f3=0.9230769230769231;pp1=1.0;pp2=0.0;pp3=0.0;QC=39;EN=1265.0]':5.411281553946897)'[q1=0.475098814229249;q2=0.2600790513833992;q3=0.2648221343873518;f1=601.0;f2=329.0;f3=335.0;pp1=1.0;pp2=1.8566797454755795E-25;pp3=1.977604446592574E-25;QC=72;EN=1265.0]':0.23836545394010303)'[q1=1.0;q2=0.0;q3=0.0;f1=1265.0;f2=0.0;f3=0.0;pp1=1.0;pp2=0.0;pp3=0.0;QC=135;EN=1265.0]':6.738152494595924,((BKEW1,(MNAN1,((MIPL1,MISC1)'[q1=0.34573687182382834;q2=0.3289949181253529;q3=0.32526821005081874;f1=437.35714285714283;f2=416.17857142857144;f3=411.4642857142857;pp1=0.6400487171718846;pp2=0.19643029834655995;pp3=0.16352098448141195;QC=28;EN=1265.0]':0.018363243935808907,(MIGR1,MTER1)'[q1=0.3534443817052513;q2=0.3071993224167137;q3=0.339356295878035;f1=447.10714285714283;f2=388.60714285714283;f3=429.2857142857143;pp1=0.7618696970201471;pp2=0.043913658491615895;pp3=0.19421664448823714;QC=28;EN=1265.0]':0.030199240860167148)'[q1=0.5503952569169961;q2=0.2207509881422925;q3=0.22885375494071147;f1=696.25;f2=279.25;f3=289.5;pp1=1.0;pp2=0.0;pp3=2.1417493109097356E-56;QC=52;EN=1265.0]':0.39295482647016344)'[q1=1.0;q2=0.0;q3=0.0;f1=1265.0;f2=0.0;f3=0.0;pp1=1.0;pp2=0.0;pp3=0.0;QC=48;EN=1265.0]':6.738152494595924)'[q1=0.7737080954472259;q2=0.10303030303030304;q3=0.12326160152247109;f1=978.7407407407408;f2=130.33333333333334;f3=155.92592592592592;pp1=1.0;pp2=0.0;pp3=0.0;QC=135;EN=1265.0]':1.077767344237744,(GIRA1,(DRYU1,SPOL1)'[q1=0.9701712779973649;q2=0.011277997364953888;q3=0.01855072463768116;f1=1227.2666666666667;f2=14.266666666666667;f3=23.466666666666665;pp1=1.0;pp2=0.0;pp3=0.0;QC=15;EN=1265.0]':3.081451938846255)'[q1=0.7097716293368467;q2=0.14945835163226467;q3=0.1407700190308886;f1=897.8611111111111;f2=189.0648148148148;f3=178.07407407407408;pp1=1.0;pp2=0.0;pp3=0.0;QC=108;EN=1265.0]':0.8296922121713881)'[q1=0.41478553652466693;q2=0.3049773093251354;q3=0.2802371541501976;f1=524.7037037037037;f2=385.7962962962963;f3=354.5;pp1=0.9999999970722536;pp2=1.8425291638098566E-9;pp3=1.085217327094917E-9;QC=324;EN=1265.0]':0.1297520891736123)'[q1=0.9256916996047431;q2=0.013131313131313131;q3=0.061176987263943786;f1=1171.0;f2=16.61111111111111;f3=77.38888888888889;pp1=1.0;pp2=0.0;pp3=0.0;QC=108;EN=1265.0]':2.1842756029954167)'[q1=0.8657707509881424;q2=0.06424242424242424;q3=0.06998682476943346;f1=1095.2;f2=81.26666666666667;f3=88.53333333333333;pp1=1.0;pp2=0.0;pp3=0.0;QC=15;EN=1265.0]':1.5976592132414882));
ASTRAL-Pro finished in 6.746 secs
