
================== ASTRAL-Pro ===================== 

This is ASTRAL-Pro (A-Pro) version 1.1.6
Using native AVX batch computing.
Gene trees are treated as unrooted
There are 24 threads used to run.
ti: 3
tx: 3
pw: 4
The number of input tree read is 1873
29968 trees read from Nucleotide_1873SC.trees
1873 extra trees.
All output trees will be *arbitrarily* rooted at DRYU1

======== Running the main analysis
Number of taxa: 18 (18 species)
Taxa: [DRYU1, SPOL1, GQUA1, IREZ1, LERN1, OBRA1, ONUN, OCAR1, MIGR1, MIPL1, MISC1, MNAN1, MTER1, GIRA1, BKEW1, CBIC1, KVEN1, RSYL1]
Taxon occupancy: {SPOL1=29968, MNAN1=29968, DRYU1=29968, MIPL1=29968, GIRA1=29968, LERN1=29968, BKEW1=29968, OCAR1=29968, KVEN1=29968, GQUA1=29968, MIGR1=29968, OBRA1=29968, CBIC1=29968, RSYL1=29968, IREZ1=29968, MTER1=29968, MISC1=29968, ONUN=29968}
Using polytree-based weight calculation.
Number of gene trees: 29968
0 trees have missing taxa
Calculating distance matrix (for completion of X) ....with 4 distance matrices in parallel
Species tree distances calculated ...

Building set of clusters (X) from gene trees 
------------------------------
Number of Clusters after addition by distance: 525
Adding to X using resolutions of greedy consensus ...

Computing greedy consensus  took 0 seconds
Limit for sigma of degrees:500

polytomy size limit : > 4
 [3, 4, 4]
discarded polytomies: 
Threshold 0.0:
Threshold 0.01:
Threshold 0.02:
Threshold 0.05:
Threshold 0.1:
Threshold 0.2:
polytomy of size 4; rounds with additions with at least 5 support: 0; clusters: 525
Threshold 0.3333333333333333:
polytomy of size 4; rounds with additions with at least 5 support: 0; clusters: 525
polytomy of size 3; rounds with additions with at least 5 support: 0; clusters: 525
Number of Clusters after addition by greedy: 525
calculating extra bipartitions from extra input trees ...
Number of Clusters after additions from extra trees: 525
partitions formed in 6.147 secs
Dynamic Programming starting after 6.147 secs
Polytree max score: 5731380
Polytree building time: 0.477 seconds.
Number of quartet trees in the gene trees: 5731380
Computing hash values took 0 seconds
Size of largest cluster: 18
Total Number of elements: 1524
Final optimization score: 0
Size of largest cluster: 18
1525 0 0
Total Number of elements: 1524
Normalized score (portion of input quartet trees satisfied before correcting for multiple individuals): 0.851639395747621
Final optimization score: 4881069
Optimal tree inferred in 7.829 secs.
Weight calculation cumulatively took 0.050428971 secs
(DRYU1,(SPOL1,(GIRA1,((BKEW1,(MNAN1,((MIGR1,MTER1),(MIPL1,MISC1)))),((GQUA1,((ONUN,(OBRA1,OCAR1)),(IREZ1,LERN1))),(CBIC1,(KVEN1,RSYL1)))))));
Final quartet score is: 4881069
Final normalized quartet score is: 0.851639395747621
(DRYU1,(SPOL1,(GIRA1,((BKEW1,(MNAN1,((MIGR1,MTER1)'[q1=0.33937152009762794;q2=0.32472732819769656;q3=0.33590115170467544;f1=635.6428571428571;f2=608.2142857142857;f3=629.1428571428571;pp1=0.47842117061379874;pp2=0.16926661552356945;pp3=0.3523122138624048;QC=28;EN=1873.0]':0.008824459319574008,(MIPL1,MISC1)'[q1=0.3464266646327511;q2=0.328674395545725;q3=0.32489893982152396;f1=648.8571428571429;f2=615.6071428571429;f3=608.5357142857143;pp1=0.73316342291578;pp2=0.1476334783772222;pp3=0.11920309870699776;QC=28;EN=1873.0]':0.019552620434933166)'[q1=0.49401412789026244;q2=0.2638712062097006;q3=0.24211466590003697;f1=925.2884615384615;f2=494.2307692307692;f3=453.4807692307692;pp1=1.0;pp2=1.4936058867933677E-46;pp3=0.0;QC=52;EN=1873.0]':0.27526056597307186)'[q1=0.9994216052678413;q2=3.114433173162485E-4;q3=2.6695141484249865E-4;f1=1871.9166666666667;f2=0.5833333333333334;f3=0.5;pp1=1.0;pp2=0.0;pp3=0.0;QC=48;EN=1873.0]':6.396396179610065)'[q1=0.7134444642186233;q2=0.15419113721302724;q3=0.13236439856834945;f1=1336.2814814814815;f2=288.8;f3=247.9185185185185;pp1=1.0;pp2=0.0;pp3=0.0;QC=135;EN=1873.0]':0.8430301312248875,((GQUA1,((ONUN,(OBRA1,OCAR1)'[q1=0.5319451859761524;q2=0.22623242569852287;q3=0.2418223883253248;f1=996.3333333333334;f2=423.73333333333335;f3=452.93333333333334;pp1=1.0;pp2=0.0;pp3=0.0;QC=15;EN=1873.0]':0.35309848386200354)'[q1=0.9757484906977699;q2=0.013347570742124934;q3=0.010903938560105138;f1=1827.576923076923;f2=25.0;f3=20.423076923076923;pp1=1.0;pp2=0.0;pp3=0.0;QC=52;EN=1873.0]':3.292568671614152,(IREZ1,LERN1)'[q1=0.9937985132859666;q2=0.002012402973428067;q3=0.004189083740605363;f1=1861.3846153846155;f2=3.769230769230769;f3=7.846153846153846;pp1=1.0;pp2=0.0;pp3=0.0;QC=39;EN=1873.0]':4.595448284327543)'[q1=0.42213917067093787;q2=0.2810553479266773;q3=0.2968054814023847;f1=790.6666666666666;f2=526.4166666666666;f3=555.9166666666666;pp1=0.9999999999999977;pp2=9.48098226959606E-16;pp3=1.3111975183274606E-15;QC=72;EN=1873.0]':0.14256736803452952)'[q1=0.9983982915109451;q2=4.389867710743311E-4;q3=0.0011627217179806608;f1=1870.0;f2=0.8222222222222222;f3=2.1777777777777776;pp1=1.0;pp2=0.0;pp3=0.0;QC=135;EN=1873.0]':5.744070993570298,(CBIC1,(KVEN1,RSYL1)'[q1=0.789037195230468;q2=0.1016195052500445;q3=0.10934329951948746;f1=1477.8666666666666;f2=190.33333333333334;f3=204.8;pp1=1.0;pp2=0.0;pp3=0.0;QC=15;EN=1873.0]':1.1486144997698597)'[q1=0.8720116272171798;q2=0.030432461292044848;q3=0.09755591149077535;f1=1633.2777777777778;f2=57.0;f3=182.72222222222223;pp1=1.0;pp2=0.0;pp3=0.0;QC=108;EN=1873.0]':1.6467216908464584)'[q1=0.41943999525419706;q2=0.2902256233809891;q3=0.2903343813648138;f1=785.6111111111111;f2=543.5925925925926;f3=543.7962962962963;pp1=0.999999999999985;pp2=7.48818711562582E-15;pp3=7.50529088663732E-15;QC=324;EN=1873.0]':0.1379115564983355)'[q1=0.6737853710624666;q2=0.17098732475133968;q3=0.15522730418619368;f1=1262.0;f2=320.25925925925924;f3=290.74074074074076;pp1=1.0;pp2=0.0;pp3=0.0;QC=108;EN=1873.0]':0.7136330721778772)'[q1=0.9587827015483181;q2=0.025093432995194873;q3=0.01612386545648692;f1=1795.8;f2=47.0;f3=30.2;pp1=1.0;pp2=0.0;pp3=0.0;QC=15;EN=1873.0]':2.7710957071389357));
ASTRAL-Pro finished in 8.908 secs
