
================== ASTRAL-Pro ===================== 

This is ASTRAL-Pro (A-Pro) version 1.1.6
Using native AVX batch computing.
Gene trees are treated as unrooted
There are 8 threads used to run.
ti: 3
tx: 3
pw: 4
The number of input tree read is 1873
29968 trees read from all_gene_trees.tree
1873 extra trees.
All output trees will be *arbitrarily* rooted at CBIC1

======== Running the main analysis
Number of taxa: 18 (18 species)
Taxa: [CBIC1, RSYL1, KVEN1, DRYU1, SPOL1, GQUA1, IREZ1, LERN1, OBRA1, ONUN, OCAR1, MIGR1, MTER1, MIPL1, MISC1, MNAN1, BKEW1, GIRA1]
Taxon occupancy: {SPOL1=29968, MNAN1=29968, DRYU1=29968, MIPL1=29968, GIRA1=29968, LERN1=29968, BKEW1=29968, KVEN1=29968, OCAR1=29968, GQUA1=29968, MIGR1=29968, CBIC1=29968, RSYL1=29968, OBRA1=29968, IREZ1=29968, MTER1=29968, MISC1=29968, ONUN=29968}
Using polytree-based weight calculation.
Number of gene trees: 29968
0 trees have missing taxa
Calculating distance matrix (for completion of X) ....with 4 distance matrices in parallel
Species tree distances calculated ...

Building set of clusters (X) from gene trees 
------------------------------
Number of Clusters after addition by distance: 791
Adding to X using resolutions of greedy consensus ...

Computing greedy consensus  took 0 seconds
Limit for sigma of degrees:500

polytomy size limit : > 4
 [3, 4, 4]
discarded polytomies: 
Threshold 0.0:
Threshold 0.01:
Threshold 0.02:
Threshold 0.05:
Threshold 0.1:
Threshold 0.2:
polytomy of size 4; rounds with additions with at least 5 support: 0; clusters: 791
Threshold 0.3333333333333333:
polytomy of size 4; rounds with additions with at least 5 support: 0; clusters: 791
polytomy of size 3; rounds with additions with at least 5 support: 0; clusters: 791
Number of Clusters after addition by greedy: 791
calculating extra bipartitions from extra input trees ...
Number of Clusters after additions from extra trees: 791
partitions formed in 6.401 secs
Dynamic Programming starting after 6.401 secs
Polytree max score: 5731380
Polytree building time: 0.403 seconds.
Number of quartet trees in the gene trees: 5731380
Computing hash values took 0 seconds
Size of largest cluster: 18
Total Number of elements: 2326
Final optimization score: 0
Size of largest cluster: 18
2327 0 0
Total Number of elements: 2326
Normalized score (portion of input quartet trees satisfied before correcting for multiple individuals): 0.8316667190100814
Final optimization score: 4766598
Optimal tree inferred in 7.97 secs.
Weight calculation cumulatively took 0.013346995 secs
(CBIC1,((RSYL1,KVEN1),((BKEW1,(MNAN1,(MISC1,(MTER1,(MIGR1,MIPL1))))),((GQUA1,((IREZ1,LERN1),(ONUN,(OBRA1,OCAR1)))),(GIRA1,(DRYU1,SPOL1))))));
Final quartet score is: 4766598
Final normalized quartet score is: 0.8316667190100814
(CBIC1,((RSYL1,KVEN1)'[q1=0.808578038796939;q2=0.06780565936999466;q3=0.12361630183306638;f1=1514.4666666666667;f2=127.0;f3=231.53333333333333;pp1=1.0;pp2=0.0;pp3=0.0;QC=15;EN=1873.0]':1.2455584604551861,((BKEW1,(MNAN1,(MISC1,(MTER1,(MIGR1,MIPL1)'[q1=0.34305036483360024;q2=0.3264637835913864;q3=0.33048585157501337;f1=642.5333333333333;f2=611.4666666666667;f3=619.0;pp1=0.6230288883518036;pp2=0.16568988583663433;pp3=0.21128122581180156;QC=15;EN=1873.0]':0.014404204758081938)'[q1=0.34579742201205094;q2=0.32139043551216534;q3=0.3328121424757837;f1=647.6785714285714;f2=601.9642857142857;f3=623.3571428571429;pp1=0.6968825250188168;pp2=0.10318697721250314;pp3=0.19993049776845045;QC=28;EN=1873.0]':0.018591095907538352)'[q1=0.49223102933727597;q2=0.25107122811340643;q3=0.25669774254931754;f1=921.9487179487179;f2=470.2564102564103;f3=480.79487179487177;pp1=1.0;pp2=1.1807650513257973E-45;pp3=1.2549537870952674E-45;QC=39;EN=1873.0]':0.27174645364872374)'[q1=0.9907790532123154;q2=0.004260099661861541;q3=0.0049608471258231;f1=1855.7291666666667;f2=7.979166666666667;f3=9.291666666666666;pp1=1.0;pp2=0.0;pp3=0.0;QC=48;EN=1873.0]':4.225059373225915)'[q1=0.6201696624547666;q2=0.1858535524312353;q3=0.19397678511399816;f1=1161.5777777777778;f2=348.10370370370373;f3=363.31851851851854;pp1=1.0;pp2=0.0;pp3=0.0;QC=135;EN=1873.0]':0.5616946102993519,((GQUA1,((IREZ1,LERN1)'[q1=0.982326447355812;q2=0.009048968472353416;q3=0.008624584171834572;f1=1839.8974358974358;f2=16.94871794871795;f3=16.153846153846153;pp1=1.0;pp2=0.0;pp3=0.0;QC=39;EN=1873.0]':3.600992779604047,(ONUN,(OBRA1,OCAR1)'[q1=0.4789820252714006;q2=0.24107492436376582;q3=0.27994305036483363;f1=897.1333333333333;f2=451.53333333333336;f3=524.3333333333334;pp1=1.0;pp2=0.0;pp3=1.2521787739238794E-38;QC=15;EN=1873.0]':0.24601518415438814)'[q1=0.9360754035073309;q2=0.041007844264651525;q3=0.022916752228017576;f1=1753.2692307692307;f2=76.8076923076923;f3=42.92307692307692;pp1=1.0;pp2=0.0;pp3=0.0;QC=52;EN=1873.0]':2.3368023358697316)'[q1=0.4423384943940203;q2=0.31217743370706535;q3=0.2454840718989144;f1=828.5;f2=584.7083333333334;f3=459.7916666666667;pp1=1.0;pp2=2.515511480611646E-22;pp3=0.0;QC=72;EN=1873.0]':0.17811483582151494)'[q1=0.9947361135828835;q2=0.002115837139862767;q3=0.003148049277253762;f1=1863.1407407407407;f2=3.962962962962963;f3=5.896296296296296;pp1=1.0;pp2=0.0;pp3=0.0;QC=135;EN=1873.0]':4.745347250682027,(GIRA1,(DRYU1,SPOL1)'[q1=0.9132229934151984;q2=0.04157323367147179;q3=0.045203772913329776;f1=1710.4666666666667;f2=77.86666666666666;f3=84.66666666666667;pp1=1.0;pp2=0.0;pp3=0.0;QC=15;EN=1873.0]':2.0333485115339234)'[q1=0.6492752763441498;q2=0.17003816416523304;q3=0.18068655949061715;f1=1216.0925925925926;f2=318.48148148148147;f3=338.4259259259259;pp1=1.0;pp2=0.0;pp3=0.0;QC=108;EN=1873.0]':0.641301151492449)'[q1=0.3459690336358783;q2=0.33813351525577895;q3=0.3158974511083428;f1=648.0;f2=633.324074074074;f3=591.675925925926;pp1=0.6471016475342666;pp2=0.27873408158233215;pp3=0.0741642708833765;QC=324;EN=1873.0]':0.018853238194046485)'[q1=0.9042583694212097;q2=0.04674121532103379;q3=0.04900041525775642;f1=1693.6759259259259;f2=87.54629629629629;f3=91.77777777777777;pp1=1.0;pp2=0.0;pp3=0.0;QC=108;EN=1873.0]':1.9356097110754729));
ASTRAL-Pro finished in 9.147 secs
