
================== ASTRAL-Pro ===================== 

This is ASTRAL-Pro (A-Pro) version 1.1.6
Using native AVX batch computing.
Gene trees are treated as unrooted
There are 8 threads used to run.
ti: 3
tx: 3
pw: 4
The number of input tree read is 1686
26976 trees read from sorted_trees_1686genes.tre
1686 extra trees.
All output trees will be *arbitrarily* rooted at KVEN1

======== Running the main analysis
Number of taxa: 18 (18 species)
Taxa: [KVEN1, RSYL1, CBIC1, DRYU1, SPOL1, GIRA1, GQUA1, IREZ1, LERN1, OBRA1, OCAR1, ONUN, MIGR1, MIPL1, MISC1, MTER1, MNAN1, BKEW1]
Taxon occupancy: {SPOL1=26976, MNAN1=26976, DRYU1=26976, MIPL1=26976, GIRA1=26976, LERN1=26976, BKEW1=26976, KVEN1=26976, OCAR1=26976, GQUA1=26976, MIGR1=26976, RSYL1=26976, CBIC1=26976, OBRA1=26976, IREZ1=26976, MTER1=26976, MISC1=26976, ONUN=26976}
Using polytree-based weight calculation.
Number of gene trees: 26976
0 trees have missing taxa
Calculating distance matrix (for completion of X) ....with 4 distance matrices in parallel
Species tree distances calculated ...

Building set of clusters (X) from gene trees 
------------------------------
Number of Clusters after addition by distance: 447
Adding to X using resolutions of greedy consensus ...

Computing greedy consensus  took 0 seconds
Limit for sigma of degrees:500

polytomy size limit : > 4
 [3, 4, 4]
discarded polytomies: 
Threshold 0.0:
Threshold 0.01:
Threshold 0.02:
Threshold 0.05:
Threshold 0.1:
Threshold 0.2:
polytomy of size 4; rounds with additions with at least 5 support: 0; clusters: 447
Threshold 0.3333333333333333:
polytomy of size 4; rounds with additions with at least 5 support: 0; clusters: 447
polytomy of size 3; rounds with additions with at least 5 support: 0; clusters: 447
Number of Clusters after addition by greedy: 447
calculating extra bipartitions from extra input trees ...
Number of Clusters after additions from extra trees: 447
partitions formed in 5.282 secs
Dynamic Programming starting after 5.282 secs
Polytree max score: 5159160
Polytree building time: 0.527 seconds.
Number of quartet trees in the gene trees: 5159160
Computing hash values took 0 seconds
Size of largest cluster: 18
Total Number of elements: 1211
Final optimization score: 0
Size of largest cluster: 18
1212 0 0
Total Number of elements: 1211
Normalized score (portion of input quartet trees satisfied before correcting for multiple individuals): 0.8538808643267509
Final optimization score: 4405308
Optimal tree inferred in 6.964 secs.
Weight calculation cumulatively took 0.00584735 secs
(KVEN1,(RSYL1,(CBIC1,((GQUA1,((ONUN,(OBRA1,OCAR1)),(IREZ1,LERN1))),((BKEW1,(MNAN1,(MTER1,(MIGR1,(MIPL1,MISC1))))),(GIRA1,(DRYU1,SPOL1)))))));
Final quartet score is: 4405308
Final normalized quartet score is: 0.8538808643267509
(KVEN1,(RSYL1,(CBIC1,((GQUA1,((ONUN,(OBRA1,OCAR1)'[q1=0.5334914986160538;q2=0.2243969948596283;q3=0.2421115065243179;f1=899.4666666666667;f2=378.3333333333333;f3=408.2;pp1=1.0;pp2=0.0;pp3=1.0040623630997182E-63;QC=15;EN=1686.0]':0.35633627659149414)'[q1=0.9863126197645771;q2=0.006638379414180126;q3=0.007049000821242815;f1=1662.923076923077;f2=11.192307692307692;f3=11.884615384615385;pp1=1.0;pp2=0.0;pp3=0.0;QC=52;EN=1686.0]':3.8439881413591834,(IREZ1,LERN1)'[q1=0.9955744137238799;q2=0.0022356054384524136;q3=0.0021899808376676707;f1=1678.5384615384614;f2=3.769230769230769;f3=3.6923076923076925;pp1=1.0;pp2=0.0;pp3=0.0;QC=39;EN=1686.0]':4.889710966106906)'[q1=0.4264531435349941;q2=0.2775306445235271;q3=0.2960162119414788;f1=719.0;f2=467.9166666666667;f3=499.0833333333333;pp1=0.9999999999999966;pp2=1.3619412670615446E-15;pp3=1.958519752595977E-15;QC=72;EN=1686.0]':0.15000988716122698)'[q1=0.9996836694345591;q2=2.372479240806643E-4;q3=7.908264136022143E-5;f1=1685.4666666666667;f2=0.4;f3=0.13333333333333333;pp1=1.0;pp2=0.0;pp3=0.0;QC=135;EN=1686.0]':6.597797959610868,((BKEW1,(MNAN1,(MTER1,(MIGR1,(MIPL1,MISC1)'[q1=0.3419928825622776;q2=0.3207591933570581;q3=0.3372479240806643;f1=576.6;f2=540.8;f3=568.6;pp1=0.5279896299955515;pp2=0.12754068702559276;pp3=0.3444696829787545;QC=15;EN=1686.0]':0.012766384685263818)'[q1=0.3414039993221488;q2=0.32310201660735466;q3=0.3354939840704965;f1=575.6071428571429;f2=544.75;f3=565.6428571428571;pp1=0.5298835133033943;pp2=0.15104159807308315;pp3=0.31907488862340583;QC=28;EN=1686.0]':0.011872640513070246)'[q1=0.4875596921860267;q2=0.2540529853697113;q3=0.25838732244426194;f1=822.025641025641;f2=428.3333333333333;f3=435.64102564102564;pp1=1.0;pp2=4.948650768962704E-39;pp3=5.223521210280886E-39;QC=39;EN=1686.0]':0.2625421107494906)'[q1=0.9998022933965995;q2=4.942665085013839E-5;q3=1.482799525504152E-4;f1=1685.6666666666667;f2=0.08333333333333333;f3=0.25;pp1=1.0;pp2=0.0;pp3=0.0;QC=48;EN=1686.0]':6.737559901986026)'[q1=0.7197091516189973;q2=0.12799964852159396;q3=0.15229119985940862;f1=1213.4296296296295;f2=215.8074074074074;f3=256.76296296296294;pp1=1.0;pp2=0.0;pp3=0.0;QC=135;EN=1686.0]':0.8649414553876891,(GIRA1,(DRYU1,SPOL1)'[q1=0.9659944642151048;q2=0.01332542506919731;q3=0.020680110715697905;f1=1628.6666666666667;f2=22.466666666666665;f3=34.86666666666667;pp1=1.0;pp2=0.0;pp3=0.0;QC=15;EN=1686.0]':2.9590682891824)'[q1=0.6824337682878607;q2=0.1662383023592988;q3=0.1513279293528404;f1=1150.5833333333333;f2=280.27777777777777;f3=255.13888888888889;pp1=1.0;pp2=0.0;pp3=0.0;QC=108;EN=1686.0]':0.7403307521731881)'[q1=0.4153266552436185;q2=0.2941654584596459;q3=0.29050788629673563;f1=700.2407407407408;f2=495.962962962963;f3=489.7962962962963;pp1=0.9999999999959597;pp2=2.100046541391463E-12;pp3=1.9403274288401046E-12;QC=324;EN=1686.0]':0.13081587634702177)'[q1=0.8845393436140767;q2=0.025767760643205483;q3=0.08969289574271781;f1=1491.3333333333333;f2=43.44444444444444;f3=151.22222222222223;pp1=1.0;pp2=0.0;pp3=0.0;QC=108;EN=1686.0]':1.7488294432778169)'[q1=0.8044681692368525;q2=0.1011071569790431;q3=0.09442467378410438;f1=1356.3333333333333;f2=170.46666666666667;f3=159.2;pp1=1.0;pp2=0.0;pp3=0.0;QC=15;EN=1686.0]':1.2241311558210404));
ASTRAL-Pro finished in 8.175 secs
